[2019-01-09T10:17:27,971][INFO ][o.e.n.Node               ] [] initializing ...
[2019-01-09T10:17:28,851][INFO ][o.e.e.NodeEnvironment    ] [R5RFPRU] using [1] data paths, mounts [[/ (/dev/sda2)]], net usable_space [149gb], net total_space [183.2gb], spins? [possibly], types [ext4]
[2019-01-09T10:17:28,852][INFO ][o.e.e.NodeEnvironment    ] [R5RFPRU] heap size [1.9gb], compressed ordinary object pointers [true]
[2019-01-09T10:17:28,855][INFO ][o.e.n.Node               ] node name [R5RFPRU] derived from node ID [R5RFPRUzSUuzIg_jHJRRew]; set [node.name] to override
[2019-01-09T10:17:28,856][INFO ][o.e.n.Node               ] version[5.6.8], pid[5625], build[688ecce/2018-02-16T16:46:30.010Z], OS[Linux/4.4.0-31-generic/amd64], JVM[Oracle Corporation/OpenJDK 64-Bit Server VM/1.8.0_191/25.191-b12]
[2019-01-09T10:17:28,856][INFO ][o.e.n.Node               ] JVM arguments [-Xms2g, -Xmx2g, -XX:+UseConcMarkSweepGC, -XX:CMSInitiatingOccupancyFraction=75, -XX:+UseCMSInitiatingOccupancyOnly, -XX:+AlwaysPreTouch, -Xss1m, -Djava.awt.headless=true, -Dfile.encoding=UTF-8, -Djna.nosys=true, -Djdk.io.permissionsUseCanonicalPath=true, -Dio.netty.noUnsafe=true, -Dio.netty.noKeySetOptimization=true, -Dio.netty.recycler.maxCapacityPerThread=0, -Dlog4j.shutdownHookEnabled=false, -Dlog4j2.disable.jmx=true, -Dlog4j.skipJansi=true, -XX:+HeapDumpOnOutOfMemoryError, -Des.path.home=/home/dev/Pictures/API/elasticsearch-5.6.8]
[2019-01-09T10:17:32,196][INFO ][o.e.p.PluginsService     ] [R5RFPRU] loaded module [aggs-matrix-stats]
[2019-01-09T10:17:32,196][INFO ][o.e.p.PluginsService     ] [R5RFPRU] loaded module [ingest-common]
[2019-01-09T10:17:32,196][INFO ][o.e.p.PluginsService     ] [R5RFPRU] loaded module [lang-expression]
[2019-01-09T10:17:32,197][INFO ][o.e.p.PluginsService     ] [R5RFPRU] loaded module [lang-groovy]
[2019-01-09T10:17:32,197][INFO ][o.e.p.PluginsService     ] [R5RFPRU] loaded module [lang-mustache]
[2019-01-09T10:17:32,197][INFO ][o.e.p.PluginsService     ] [R5RFPRU] loaded module [lang-painless]
[2019-01-09T10:17:32,197][INFO ][o.e.p.PluginsService     ] [R5RFPRU] loaded module [parent-join]
[2019-01-09T10:17:32,198][INFO ][o.e.p.PluginsService     ] [R5RFPRU] loaded module [percolator]
[2019-01-09T10:17:32,198][INFO ][o.e.p.PluginsService     ] [R5RFPRU] loaded module [reindex]
[2019-01-09T10:17:32,198][INFO ][o.e.p.PluginsService     ] [R5RFPRU] loaded module [transport-netty3]
[2019-01-09T10:17:32,198][INFO ][o.e.p.PluginsService     ] [R5RFPRU] loaded module [transport-netty4]
[2019-01-09T10:17:32,200][INFO ][o.e.p.PluginsService     ] [R5RFPRU] no plugins loaded
[2019-01-09T10:17:38,922][INFO ][o.e.d.DiscoveryModule    ] [R5RFPRU] using discovery type [zen]
[2019-01-09T10:17:41,076][INFO ][o.e.n.Node               ] initialized
[2019-01-09T10:17:41,076][INFO ][o.e.n.Node               ] [R5RFPRU] starting ...
[2019-01-09T10:17:41,557][INFO ][o.e.t.TransportService   ] [R5RFPRU] publish_address {127.0.0.1:9300}, bound_addresses {[::1]:9300}, {127.0.0.1:9300}
[2019-01-09T10:17:41,589][WARN ][o.e.b.BootstrapChecks    ] [R5RFPRU] max virtual memory areas vm.max_map_count [65530] is too low, increase to at least [262144]
[2019-01-09T10:17:44,911][INFO ][o.e.c.s.ClusterService   ] [R5RFPRU] new_master {R5RFPRU}{R5RFPRUzSUuzIg_jHJRRew}{ZKhYnkIxTCeuX8j6nN5Ghg}{127.0.0.1}{127.0.0.1:9300}, reason: zen-disco-elected-as-master ([0] nodes joined)
[2019-01-09T10:17:45,135][INFO ][o.e.h.n.Netty4HttpServerTransport] [R5RFPRU] publish_address {127.0.0.1:9200}, bound_addresses {[::1]:9200}, {127.0.0.1:9200}
[2019-01-09T10:17:45,135][INFO ][o.e.n.Node               ] [R5RFPRU] started
[2019-01-09T10:17:45,286][INFO ][o.e.g.GatewayService     ] [R5RFPRU] recovered [0] indices into cluster_state
[2019-01-09T10:38:34,842][INFO ][o.e.c.m.MetaDataCreateIndexService] [R5RFPRU] [user] creating index, cause [api], templates [], shards [5]/[1], mappings [doc]
[2019-01-09T10:39:10,743][INFO ][o.e.n.Node               ] [R5RFPRU] stopping ...
[2019-01-09T10:39:10,779][WARN ][o.e.m.j.JvmGcMonitorService] [R5RFPRU] [gc][young][1278][3] duration [6.7s], collections [1]/[6.8s], total [6.7s]/[6.9s], memory [302.6mb]->[147.1mb]/[1.9gb], all_pools {[young] [266.2mb]->[17.4mb]/[266.2mb]}{[survivor] [28.9mb]->[33.2mb]/[33.2mb]}{[old] [7.4mb]->[96.3mb]/[1.6gb]}
[2019-01-09T10:39:10,780][WARN ][o.e.m.j.JvmGcMonitorService] [R5RFPRU] [gc][1278] overhead, spent [6.7s] collecting in the last [6.8s]
[2019-01-09T10:39:14,857][INFO ][o.e.n.Node               ] [R5RFPRU] stopped
[2019-01-09T10:39:14,858][INFO ][o.e.n.Node               ] [R5RFPRU] closing ...
[2019-01-09T10:39:14,980][INFO ][o.e.n.Node               ] [R5RFPRU] closed
[2019-01-09T10:40:21,093][INFO ][o.e.n.Node               ] [] initializing ...
[2019-01-09T10:40:25,441][INFO ][o.e.e.NodeEnvironment    ] [R5RFPRU] using [1] data paths, mounts [[/ (/dev/sda2)]], net usable_space [149gb], net total_space [183.2gb], spins? [possibly], types [ext4]
[2019-01-09T10:40:25,442][INFO ][o.e.e.NodeEnvironment    ] [R5RFPRU] heap size [1.9gb], compressed ordinary object pointers [true]
[2019-01-09T10:40:26,544][INFO ][o.e.n.Node               ] node name [R5RFPRU] derived from node ID [R5RFPRUzSUuzIg_jHJRRew]; set [node.name] to override
[2019-01-09T10:40:26,545][INFO ][o.e.n.Node               ] version[5.6.8], pid[8538], build[688ecce/2018-02-16T16:46:30.010Z], OS[Linux/4.4.0-31-generic/amd64], JVM[Oracle Corporation/OpenJDK 64-Bit Server VM/1.8.0_191/25.191-b12]
[2019-01-09T10:40:26,545][INFO ][o.e.n.Node               ] JVM arguments [-Xms2g, -Xmx2g, -XX:+UseConcMarkSweepGC, -XX:CMSInitiatingOccupancyFraction=75, -XX:+UseCMSInitiatingOccupancyOnly, -XX:+AlwaysPreTouch, -Xss1m, -Djava.awt.headless=true, -Dfile.encoding=UTF-8, -Djna.nosys=true, -Djdk.io.permissionsUseCanonicalPath=true, -Dio.netty.noUnsafe=true, -Dio.netty.noKeySetOptimization=true, -Dio.netty.recycler.maxCapacityPerThread=0, -Dlog4j.shutdownHookEnabled=false, -Dlog4j2.disable.jmx=true, -Dlog4j.skipJansi=true, -XX:+HeapDumpOnOutOfMemoryError, -Des.path.home=/home/dev/Pictures/API/elasticsearch-5.6.8]
[2019-01-09T10:40:44,762][INFO ][o.e.p.PluginsService     ] [R5RFPRU] loaded module [aggs-matrix-stats]
[2019-01-09T10:40:44,762][INFO ][o.e.p.PluginsService     ] [R5RFPRU] loaded module [ingest-common]
[2019-01-09T10:40:44,763][INFO ][o.e.p.PluginsService     ] [R5RFPRU] loaded module [lang-expression]
[2019-01-09T10:40:44,763][INFO ][o.e.p.PluginsService     ] [R5RFPRU] loaded module [lang-groovy]
[2019-01-09T10:40:44,763][INFO ][o.e.p.PluginsService     ] [R5RFPRU] loaded module [lang-mustache]
[2019-01-09T10:40:44,763][INFO ][o.e.p.PluginsService     ] [R5RFPRU] loaded module [lang-painless]
[2019-01-09T10:40:44,764][INFO ][o.e.p.PluginsService     ] [R5RFPRU] loaded module [parent-join]
[2019-01-09T10:40:44,764][INFO ][o.e.p.PluginsService     ] [R5RFPRU] loaded module [percolator]
[2019-01-09T10:40:44,764][INFO ][o.e.p.PluginsService     ] [R5RFPRU] loaded module [reindex]
[2019-01-09T10:40:44,764][INFO ][o.e.p.PluginsService     ] [R5RFPRU] loaded module [transport-netty3]
[2019-01-09T10:40:44,765][INFO ][o.e.p.PluginsService     ] [R5RFPRU] loaded module [transport-netty4]
[2019-01-09T10:40:44,766][INFO ][o.e.p.PluginsService     ] [R5RFPRU] no plugins loaded
[2019-01-09T10:41:12,631][INFO ][o.e.d.DiscoveryModule    ] [R5RFPRU] using discovery type [zen]
[2019-01-09T10:41:28,703][INFO ][o.e.n.Node               ] initialized
[2019-01-09T10:41:28,703][INFO ][o.e.n.Node               ] [R5RFPRU] starting ...
[2019-01-09T10:41:30,964][INFO ][o.e.t.TransportService   ] [R5RFPRU] publish_address {127.0.0.1:9300}, bound_addresses {[::1]:9300}, {127.0.0.1:9300}
[2019-01-09T10:41:31,309][WARN ][o.e.b.BootstrapChecks    ] [R5RFPRU] max virtual memory areas vm.max_map_count [65530] is too low, increase to at least [262144]
[2019-01-09T10:41:34,646][INFO ][o.e.c.s.ClusterService   ] [R5RFPRU] new_master {R5RFPRU}{R5RFPRUzSUuzIg_jHJRRew}{u-6DuVcaQb6AZipgs5SO4w}{127.0.0.1}{127.0.0.1:9300}, reason: zen-disco-elected-as-master ([0] nodes joined)
[2019-01-09T10:41:34,997][INFO ][o.e.h.n.Netty4HttpServerTransport] [R5RFPRU] publish_address {127.0.0.1:9200}, bound_addresses {[::1]:9200}, {127.0.0.1:9200}
[2019-01-09T10:41:34,998][INFO ][o.e.n.Node               ] [R5RFPRU] started
[2019-01-09T10:41:38,056][INFO ][o.e.g.GatewayService     ] [R5RFPRU] recovered [1] indices into cluster_state
[2019-01-09T10:41:43,629][INFO ][o.e.c.r.a.AllocationService] [R5RFPRU] Cluster health status changed from [RED] to [YELLOW] (reason: [shards started [[user][2]] ...]).
[2019-01-09T10:54:51,545][WARN ][o.e.m.j.JvmGcMonitorService] [R5RFPRU] [gc][young][797][3] duration [4.9s], collections [1]/[5s], total [4.9s]/[6.8s], memory [294.2mb]->[132.2mb]/[1.9gb], all_pools {[young] [258.4mb]->[17.4mb]/[266.2mb]}{[survivor] [29.2mb]->[33.2mb]/[33.2mb]}{[old] [6.5mb]->[82.4mb]/[1.6gb]}
[2019-01-09T10:54:51,797][WARN ][o.e.m.j.JvmGcMonitorService] [R5RFPRU] [gc][797] overhead, spent [4.9s] collecting in the last [5s]
[2019-01-09T11:29:42,872][INFO ][o.e.c.m.MetaDataMappingService] [R5RFPRU] [user/yiD24bsOQuK0oRuHiThl7w] update_mapping [doc]
[2019-01-09T13:16:10,652][INFO ][o.e.n.Node               ] [R5RFPRU] stopping ...
[2019-01-09T13:16:11,451][INFO ][o.e.n.Node               ] [R5RFPRU] stopped
[2019-01-09T13:16:11,452][INFO ][o.e.n.Node               ] [R5RFPRU] closing ...
[2019-01-09T13:16:11,748][DEBUG][o.e.a.a.c.n.s.TransportNodesStatsAction] [R5RFPRU] failed to execute on node [R5RFPRUzSUuzIg_jHJRRew]
org.elasticsearch.transport.SendRequestTransportException: [R5RFPRU][127.0.0.1:9300][cluster:monitor/nodes/stats[n]]
	at org.elasticsearch.transport.TransportService.sendRequestInternal(TransportService.java:606) ~[elasticsearch-5.6.8.jar:5.6.8]
	at org.elasticsearch.transport.TransportService.sendRequest(TransportService.java:529) ~[elasticsearch-5.6.8.jar:5.6.8]
	at org.elasticsearch.transport.TransportService.sendRequest(TransportService.java:517) ~[elasticsearch-5.6.8.jar:5.6.8]
	at org.elasticsearch.action.support.nodes.TransportNodesAction$AsyncAction.start(TransportNodesAction.java:197) ~[elasticsearch-5.6.8.jar:5.6.8]
	at org.elasticsearch.action.support.nodes.TransportNodesAction.doExecute(TransportNodesAction.java:89) ~[elasticsearch-5.6.8.jar:5.6.8]
	at org.elasticsearch.action.support.nodes.TransportNodesAction.doExecute(TransportNodesAction.java:52) ~[elasticsearch-5.6.8.jar:5.6.8]
	at org.elasticsearch.action.support.TransportAction$RequestFilterChain.proceed(TransportAction.java:170) ~[elasticsearch-5.6.8.jar:5.6.8]
	at org.elasticsearch.action.support.TransportAction.execute(TransportAction.java:142) ~[elasticsearch-5.6.8.jar:5.6.8]
	at org.elasticsearch.action.support.TransportAction.execute(TransportAction.java:84) ~[elasticsearch-5.6.8.jar:5.6.8]
	at org.elasticsearch.client.node.NodeClient.executeLocally(NodeClient.java:83) ~[elasticsearch-5.6.8.jar:5.6.8]
	at org.elasticsearch.client.node.NodeClient.doExecute(NodeClient.java:72) ~[elasticsearch-5.6.8.jar:5.6.8]
	at org.elasticsearch.client.support.AbstractClient.execute(AbstractClient.java:408) ~[elasticsearch-5.6.8.jar:5.6.8]
	at org.elasticsearch.client.support.AbstractClient$ClusterAdmin.execute(AbstractClient.java:730) ~[elasticsearch-5.6.8.jar:5.6.8]
	at org.elasticsearch.client.support.AbstractClient$ClusterAdmin.nodesStats(AbstractClient.java:826) ~[elasticsearch-5.6.8.jar:5.6.8]
	at org.elasticsearch.cluster.InternalClusterInfoService.updateNodeStats(InternalClusterInfoService.java:256) ~[elasticsearch-5.6.8.jar:5.6.8]
	at org.elasticsearch.cluster.InternalClusterInfoService.refresh(InternalClusterInfoService.java:292) ~[elasticsearch-5.6.8.jar:5.6.8]
	at org.elasticsearch.cluster.InternalClusterInfoService.maybeRefresh(InternalClusterInfoService.java:277) ~[elasticsearch-5.6.8.jar:5.6.8]
	at org.elasticsearch.cluster.InternalClusterInfoService.access$500(InternalClusterInfoService.java:67) ~[elasticsearch-5.6.8.jar:5.6.8]
	at org.elasticsearch.cluster.InternalClusterInfoService$SubmitReschedulingClusterInfoUpdatedJob.lambda$run$0(InternalClusterInfoService.java:224) ~[elasticsearch-5.6.8.jar:5.6.8]
	at org.elasticsearch.common.util.concurrent.ThreadContext$ContextPreservingRunnable.run(ThreadContext.java:575) ~[elasticsearch-5.6.8.jar:5.6.8]
	at java.util.concurrent.ThreadPoolExecutor.runWorker(ThreadPoolExecutor.java:1149) [?:1.8.0_191]
	at java.util.concurrent.ThreadPoolExecutor$Worker.run(ThreadPoolExecutor.java:624) [?:1.8.0_191]
	at java.lang.Thread.run(Thread.java:748) [?:1.8.0_191]
Caused by: org.elasticsearch.transport.TransportException: TransportService is closed stopped can't send request
	at org.elasticsearch.transport.TransportService.sendRequestInternal(TransportService.java:590) ~[elasticsearch-5.6.8.jar:5.6.8]
	... 22 more
[2019-01-09T13:16:11,748][DEBUG][o.e.a.a.i.s.TransportIndicesStatsAction] [R5RFPRU] failed to execute [indices:monitor/stats] on node [R5RFPRUzSUuzIg_jHJRRew]
org.elasticsearch.transport.SendRequestTransportException: [R5RFPRU][127.0.0.1:9300][indices:monitor/stats[n]]
	at org.elasticsearch.transport.TransportService.sendRequestInternal(TransportService.java:606) ~[elasticsearch-5.6.8.jar:5.6.8]
	at org.elasticsearch.transport.TransportService.sendRequest(TransportService.java:529) ~[elasticsearch-5.6.8.jar:5.6.8]
	at org.elasticsearch.transport.TransportService.sendRequest(TransportService.java:504) ~[elasticsearch-5.6.8.jar:5.6.8]
	at org.elasticsearch.action.support.broadcast.node.TransportBroadcastByNodeAction$AsyncAction.sendNodeRequest(TransportBroadcastByNodeAction.java:322) ~[elasticsearch-5.6.8.jar:5.6.8]
	at org.elasticsearch.action.support.broadcast.node.TransportBroadcastByNodeAction$AsyncAction.start(TransportBroadcastByNodeAction.java:311) ~[elasticsearch-5.6.8.jar:5.6.8]
	at org.elasticsearch.action.support.broadcast.node.TransportBroadcastByNodeAction.doExecute(TransportBroadcastByNodeAction.java:234) ~[elasticsearch-5.6.8.jar:5.6.8]
	at org.elasticsearch.action.support.broadcast.node.TransportBroadcastByNodeAction.doExecute(TransportBroadcastByNodeAction.java:79) ~[elasticsearch-5.6.8.jar:5.6.8]
	at org.elasticsearch.action.support.TransportAction$RequestFilterChain.proceed(TransportAction.java:170) ~[elasticsearch-5.6.8.jar:5.6.8]
	at org.elasticsearch.action.support.TransportAction.execute(TransportAction.java:142) ~[elasticsearch-5.6.8.jar:5.6.8]
	at org.elasticsearch.action.support.TransportAction.execute(TransportAction.java:84) ~[elasticsearch-5.6.8.jar:5.6.8]
	at org.elasticsearch.client.node.NodeClient.executeLocally(NodeClient.java:83) ~[elasticsearch-5.6.8.jar:5.6.8]
	at org.elasticsearch.client.node.NodeClient.doExecute(NodeClient.java:72) ~[elasticsearch-5.6.8.jar:5.6.8]
	at org.elasticsearch.client.support.AbstractClient.execute(AbstractClient.java:408) ~[elasticsearch-5.6.8.jar:5.6.8]
	at org.elasticsearch.client.support.AbstractClient$IndicesAdmin.execute(AbstractClient.java:1256) ~[elasticsearch-5.6.8.jar:5.6.8]
	at org.elasticsearch.client.support.AbstractClient$IndicesAdmin.stats(AbstractClient.java:1577) ~[elasticsearch-5.6.8.jar:5.6.8]
	at org.elasticsearch.cluster.InternalClusterInfoService.updateIndicesStats(InternalClusterInfoService.java:270) ~[elasticsearch-5.6.8.jar:5.6.8]
	at org.elasticsearch.cluster.InternalClusterInfoService.refresh(InternalClusterInfoService.java:321) ~[elasticsearch-5.6.8.jar:5.6.8]
	at org.elasticsearch.cluster.InternalClusterInfoService.maybeRefresh(InternalClusterInfoService.java:277) ~[elasticsearch-5.6.8.jar:5.6.8]
	at org.elasticsearch.cluster.InternalClusterInfoService.access$500(InternalClusterInfoService.java:67) ~[elasticsearch-5.6.8.jar:5.6.8]
	at org.elasticsearch.cluster.InternalClusterInfoService$SubmitReschedulingClusterInfoUpdatedJob.lambda$run$0(InternalClusterInfoService.java:224) ~[elasticsearch-5.6.8.jar:5.6.8]
	at org.elasticsearch.common.util.concurrent.ThreadContext$ContextPreservingRunnable.run(ThreadContext.java:575) ~[elasticsearch-5.6.8.jar:5.6.8]
	at java.util.concurrent.ThreadPoolExecutor.runWorker(ThreadPoolExecutor.java:1149) [?:1.8.0_191]
	at java.util.concurrent.ThreadPoolExecutor$Worker.run(ThreadPoolExecutor.java:624) [?:1.8.0_191]
	at java.lang.Thread.run(Thread.java:748) [?:1.8.0_191]
Caused by: org.elasticsearch.transport.TransportException: TransportService is closed stopped can't send request
	at org.elasticsearch.transport.TransportService.sendRequestInternal(TransportService.java:590) ~[elasticsearch-5.6.8.jar:5.6.8]
	... 23 more
[2019-01-09T13:16:12,374][INFO ][o.e.n.Node               ] [R5RFPRU] closed
[2019-01-09T18:44:46,873][INFO ][o.e.n.Node               ] [] initializing ...
[2019-01-09T18:44:49,967][INFO ][o.e.e.NodeEnvironment    ] [R5RFPRU] using [1] data paths, mounts [[/ (/dev/sda2)]], net usable_space [148.3gb], net total_space [183.2gb], spins? [possibly], types [ext4]
[2019-01-09T18:44:49,968][INFO ][o.e.e.NodeEnvironment    ] [R5RFPRU] heap size [1.9gb], compressed ordinary object pointers [true]
[2019-01-09T18:44:50,463][INFO ][o.e.n.Node               ] node name [R5RFPRU] derived from node ID [R5RFPRUzSUuzIg_jHJRRew]; set [node.name] to override
[2019-01-09T18:44:50,464][INFO ][o.e.n.Node               ] version[5.6.8], pid[3643], build[688ecce/2018-02-16T16:46:30.010Z], OS[Linux/4.4.0-31-generic/amd64], JVM[Oracle Corporation/OpenJDK 64-Bit Server VM/1.8.0_191/25.191-b12]
[2019-01-09T18:44:50,464][INFO ][o.e.n.Node               ] JVM arguments [-Xms2g, -Xmx2g, -XX:+UseConcMarkSweepGC, -XX:CMSInitiatingOccupancyFraction=75, -XX:+UseCMSInitiatingOccupancyOnly, -XX:+AlwaysPreTouch, -Xss1m, -Djava.awt.headless=true, -Dfile.encoding=UTF-8, -Djna.nosys=true, -Djdk.io.permissionsUseCanonicalPath=true, -Dio.netty.noUnsafe=true, -Dio.netty.noKeySetOptimization=true, -Dio.netty.recycler.maxCapacityPerThread=0, -Dlog4j.shutdownHookEnabled=false, -Dlog4j2.disable.jmx=true, -Dlog4j.skipJansi=true, -XX:+HeapDumpOnOutOfMemoryError, -Des.path.home=/home/dev/Pictures/API/elasticsearch-5.6.8]
[2019-01-09T19:37:40,702][INFO ][o.e.n.Node               ] [] initializing ...
[2019-01-09T19:37:43,907][INFO ][o.e.e.NodeEnvironment    ] [R5RFPRU] using [1] data paths, mounts [[/ (/dev/sda2)]], net usable_space [148.3gb], net total_space [183.2gb], spins? [possibly], types [ext4]
[2019-01-09T19:37:43,908][INFO ][o.e.e.NodeEnvironment    ] [R5RFPRU] heap size [1.9gb], compressed ordinary object pointers [true]
[2019-01-09T19:37:44,089][INFO ][o.e.n.Node               ] node name [R5RFPRU] derived from node ID [R5RFPRUzSUuzIg_jHJRRew]; set [node.name] to override
[2019-01-09T19:37:44,090][INFO ][o.e.n.Node               ] version[5.6.8], pid[13171], build[688ecce/2018-02-16T16:46:30.010Z], OS[Linux/4.4.0-31-generic/amd64], JVM[Oracle Corporation/OpenJDK 64-Bit Server VM/1.8.0_191/25.191-b12]
[2019-01-09T19:37:44,091][INFO ][o.e.n.Node               ] JVM arguments [-Xms2g, -Xmx2g, -XX:+UseConcMarkSweepGC, -XX:CMSInitiatingOccupancyFraction=75, -XX:+UseCMSInitiatingOccupancyOnly, -XX:+AlwaysPreTouch, -Xss1m, -Djava.awt.headless=true, -Dfile.encoding=UTF-8, -Djna.nosys=true, -Djdk.io.permissionsUseCanonicalPath=true, -Dio.netty.noUnsafe=true, -Dio.netty.noKeySetOptimization=true, -Dio.netty.recycler.maxCapacityPerThread=0, -Dlog4j.shutdownHookEnabled=false, -Dlog4j2.disable.jmx=true, -Dlog4j.skipJansi=true, -XX:+HeapDumpOnOutOfMemoryError, -Des.path.home=/home/dev/Pictures/API/elasticsearch-5.6.8]
[2019-01-09T19:37:53,165][INFO ][o.e.p.PluginsService     ] [R5RFPRU] loaded module [aggs-matrix-stats]
[2019-01-09T19:37:53,165][INFO ][o.e.p.PluginsService     ] [R5RFPRU] loaded module [ingest-common]
[2019-01-09T19:37:53,166][INFO ][o.e.p.PluginsService     ] [R5RFPRU] loaded module [lang-expression]
[2019-01-09T19:37:53,166][INFO ][o.e.p.PluginsService     ] [R5RFPRU] loaded module [lang-groovy]
[2019-01-09T19:37:53,166][INFO ][o.e.p.PluginsService     ] [R5RFPRU] loaded module [lang-mustache]
[2019-01-09T19:37:53,166][INFO ][o.e.p.PluginsService     ] [R5RFPRU] loaded module [lang-painless]
[2019-01-09T19:37:53,166][INFO ][o.e.p.PluginsService     ] [R5RFPRU] loaded module [parent-join]
[2019-01-09T19:37:53,167][INFO ][o.e.p.PluginsService     ] [R5RFPRU] loaded module [percolator]
[2019-01-09T19:37:53,167][INFO ][o.e.p.PluginsService     ] [R5RFPRU] loaded module [reindex]
[2019-01-09T19:37:53,167][INFO ][o.e.p.PluginsService     ] [R5RFPRU] loaded module [transport-netty3]
[2019-01-09T19:37:53,167][INFO ][o.e.p.PluginsService     ] [R5RFPRU] loaded module [transport-netty4]
[2019-01-09T19:37:53,168][INFO ][o.e.p.PluginsService     ] [R5RFPRU] no plugins loaded
[2019-01-09T19:38:09,143][INFO ][o.e.d.DiscoveryModule    ] [R5RFPRU] using discovery type [zen]
[2019-01-09T19:38:14,121][INFO ][o.e.n.Node               ] initialized
[2019-01-09T19:38:14,121][INFO ][o.e.n.Node               ] [R5RFPRU] starting ...
[2019-01-09T19:38:16,860][INFO ][o.e.t.TransportService   ] [R5RFPRU] publish_address {127.0.0.1:9300}, bound_addresses {[::1]:9300}, {127.0.0.1:9300}
[2019-01-09T19:38:16,938][WARN ][o.e.b.BootstrapChecks    ] [R5RFPRU] max virtual memory areas vm.max_map_count [65530] is too low, increase to at least [262144]
[2019-01-09T19:38:20,078][INFO ][o.e.c.s.ClusterService   ] [R5RFPRU] new_master {R5RFPRU}{R5RFPRUzSUuzIg_jHJRRew}{Kazg5x7WQCyCXbUEg3ckZQ}{127.0.0.1}{127.0.0.1:9300}, reason: zen-disco-elected-as-master ([0] nodes joined)
[2019-01-09T19:38:20,179][INFO ][o.e.h.n.Netty4HttpServerTransport] [R5RFPRU] publish_address {127.0.0.1:9200}, bound_addresses {[::1]:9200}, {127.0.0.1:9200}
[2019-01-09T19:38:20,180][INFO ][o.e.n.Node               ] [R5RFPRU] started
[2019-01-09T19:38:20,944][INFO ][o.e.g.GatewayService     ] [R5RFPRU] recovered [1] indices into cluster_state
[2019-01-09T19:38:22,803][INFO ][o.e.c.r.a.AllocationService] [R5RFPRU] Cluster health status changed from [RED] to [YELLOW] (reason: [shards started [[user][2]] ...]).
[2019-01-09T21:08:52,582][INFO ][o.e.n.Node               ] [R5RFPRU] stopping ...
[2019-01-09T21:08:56,380][INFO ][o.e.n.Node               ] [R5RFPRU] stopped
[2019-01-09T21:08:56,382][INFO ][o.e.n.Node               ] [R5RFPRU] closing ...
[2019-01-09T21:08:56,510][WARN ][o.e.m.j.JvmGcMonitorService] [R5RFPRU] [gc][young][2644][3] duration [2s], collections [1]/[3s], total [2s]/[2.5s], memory [299.3mb]->[85.3mb]/[1.9gb], all_pools {[young] [261.2mb]->[629kb]/[266.2mb]}{[survivor] [30.6mb]->[33.2mb]/[33.2mb]}{[old] [7.4mb]->[52mb]/[1.6gb]}
[2019-01-09T21:08:56,511][WARN ][o.e.m.j.JvmGcMonitorService] [R5RFPRU] [gc][2644] overhead, spent [2s] collecting in the last [3s]
[2019-01-09T21:08:56,721][INFO ][o.e.n.Node               ] [R5RFPRU] closed
